||||||133****8180|2088702721942035|USD||||||
		success||2018-10-27 13:39:21|2018-10-27 13:39:26||||
		|||E01010000000001|ALIPAY||2018102700222133927042031023432215|2018-10-27 13:39:27|trade_status_sync||
		|E00000011540618743174|2088231446546560||||[{"PCREDIT":"700.10","PCC_PROD_ID":"9102"}]||OVERSEAS_MBARCODE_PAY|||||||
		|||SUCCESS|||||Alipay|E0000001|||101.0|2018102722001442031007172595|TRADE_SUCCESS|||USD||2018-10-27 11:09:36|11:09:36|1||
||||||135****4784|2088902011683598|USD||||||
		success||2018-10-27 14:28:59|2018-10-27 14:29:16||||
		|||E01010000000001|ALIPAY||2018102700222142916083591021462171|2018-10-27 14:29:16|trade_status_sync||
		|E00000011540621723583|2088231446546560||||[{"ALIPAYACCOUNT":"833.47"}]||OVERSEAS_MBARCODE_PAY|||||||
		|||SUCCESS|||||Alipay|E0000001|||120.0|2018102722001483591006559000|TRADE_SUCCESS|||USD||2018-10-27 11:59:20|11:59:20|1||
||||||185****5320|2088022086805830|USD||||||
		success||2018-10-27 23:09:03|2018-10-27 23:11:48||||
		|||E01010000000001|ALIPAY||2018102700222231148005831022082320|2018-10-27 23:11:48|trade_status_sync||
		|E00000011540652932841|2088231446546560||||[{"ALIPAYACCOUNT":"1704.23"}]||OVERSEAS_MBARCODE_PAY|||||||
		|||SUCCESS|||||Alipay|E0000001|||245.0|2018102722001405831007760647|TRADE_SUCCESS|||USD||2018-10-27 20:39:24|20:39:24|1||
||||||||USD||||||
		|||||||
		|||E01010000000001|ALIPAY||||||
		|617050224402753457858326468301939406691540600576620||||||||||||||
		|||SUCCESS|||||||||41.00|2018102722001460251008969193|TRADE_SUCCESS|||||2018-10-27 06:06:16|06:06:16|1||