||||||||USD||||||
		|||||||
		|||E01010000000001|ALIPAY||||||
		|14509707633762042338803333488796745314715404330344||||||||||||||
		|||SUCCESS|||||||||54.00|2018102522001469661004417769|TRADE_SUCCESS|||||2018-10-25 07:33:54|07:33:54|1||
||||||||USD||||||
		|||||||
		|||E01010000000001|ALIPAY||||||
		|16813573768081927682575692774719242498015404339958||||||||||||||
		|||SUCCESS|||||||||79.00|2018102522001440271006202980|TRADE_SUCCESS|||||2018-10-25 07:49:55|07:49:55|1||
||||||||USD||||||
		|||||||
		|||E01010000000001|ALIPAY||||||
		|16584787674090673989547969603301935662315404477359||||||||||||||
		|||SUCCESS|||||||||35.00|2018102522001450911008865896|TRADE_SUCCESS|||||2018-10-25 11:38:56|11:38:56|1||
||||||||USD||||||
		|||||||
		|||E01010000000001|ALIPAY||||||
		|18374443533395764539564138721467922187915404526810||||||||||||||
		|||SUCCESS|||||||||167.00|2018102522001440491006375087|TRADE_SUCCESS|||||2018-10-25 13:01:22|13:01:22|1||
||||||||USD||||||
		|||||||
		|||E01010000000001|ALIPAY||||||
		|23746271797099351437780465788763014056715404542837||||||||||||||
		|||SUCCESS|||||||||91.00|2018102522001440491006390764|TRADE_SUCCESS|||||2018-10-25 13:28:05|13:28:05|1||
||||||||USD||||||
		|||||||
		|||E01010000000001|ALIPAY||||||
		|25455058267375439727851424932510986369815404543463||||||||||||||
		|||SUCCESS|||||||||60.00|2018102522001440491006395735|TRADE_SUCCESS|||||2018-10-25 13:29:08|13:29:08|1||
||||||||USD||||||
		|||||||
		|||E01010000000001|ALIPAY||||||
		|85178206409982175186338026705096868789154047011158||||||||||||||
		|||SUCCESS|||||||||50.00|2018102522001401391006549653|TRADE_SUCCESS|||||2018-10-25 17:51:52|17:51:52|1||
||||||||USD||||||
		|||||||
		|||E01010000000001|ALIPAY||||||
		|43956353180339322656913789956529648496154048285243||||||||||||||
		|||SUCCESS|||||||||70.00|2018102522001434371006702270|TRADE_SUCCESS|||||2018-10-25 21:24:12|21:24:12|1||
||||||||USD||||||
		|||||||
		|||E01010000000001|ALIPAY||||||
		|70861653753853227864668945125595803321540483061502||||||||||||||
		|||SUCCESS|||||||||54.00|2018102522001484291006459910|TRADE_SUCCESS|||||2018-10-25 21:27:42|21:27:42|1||