||||||forex_612973@alitest.com|2088622910654735|USD||||||
		success||2018-10-25 15:51:08|2018-10-25 15:51:27||||
		|||E01010000000001|ALIPAY||2e9dccbc039f9bb12ec5fa2684f5564lmx|2018-10-25 15:51:29|trade_status_sync||
		|E000000120181025075041|2088621911453772||||[{"ALIPAYACCOUNT":"6.65"}]||OVERSEAS_MBARCODE_PAY|||||||
		|||SUCCESS|||||Alipay|E0000001|||1|2018102522001454730500481351|TRADE_SUCCESS|||USD||2018-10-25 13:20:57|13:20:57|1||
||||||forex_612973@alitest.com|2088622910654735|USD||||||
		success||2018-10-25 16:04:17|2018-10-25 16:04:25||||
		|||E01010000000001|ALIPAY||c4e267ade106b7efda7c845e694b428lmx|2018-10-25 16:04:28|trade_status_sync||
		|E000000120181025075656|2088621911453772||||[{"ALIPAYACCOUNT":"6.65"}]||OVERSEAS_MBARCODE_PAY|||||||
		|||SUCCESS|||||Alipay|E0000001|||1|2018102522001454730500481740|TRADE_SUCCESS|||USD||2018-10-25 13:27:12|13:27:12|1||
||||||forex_612973@alitest.com|2088622910654735|USD||||||
		success||2018-10-25 16:14:34|2018-10-25 16:15:02||||
		|||E01010000000001|ALIPAY||ecf90b247fc491bdf81b90541949c12lmx|2018-10-25 16:15:03|trade_status_sync||
		|E000000120181025081421|2088621911453772||||[{"ALIPAYACCOUNT":"6.65"}]||OVERSEAS_MBARCODE_PAY|||||||
		|||SUCCESS|||||Alipay|E0000001|||1|2018102522001454730500481741|TRADE_SUCCESS|||USD||2018-10-25 13:44:34|13:44:34|1||
||||||forex_612973@alitest.com|2088622910654735|USD||||||
		success||2018-10-25 17:52:00|2018-10-25 17:52:09||||
		|||E01010000000001|ALIPAY||ef710133d2cf7abd446efc3408218c9lmx|2018-10-25 17:52:11|trade_status_sync||
		|E000000120181025094955|2088621911453772||||[{"ALIPAYACCOUNT":"6.65"}]||OVERSEAS_MBARCODE_PAY|||||||
		|||SUCCESS|||||Alipay|E0000001|||1|2018102522001454730500481354|TRADE_SUCCESS|||USD||2018-10-25 15:20:47|15:20:47|1||
||||2018102422001454730500476125||||USD||||||||||||||||E01010000000001|ALIPAY|||||||||E000000120181025031137|E000000120181024105157|||||||1|||||||SUCCESS||||||E0000001|||||||||2018-10-25 08:41:53|08:41:53|2||