2018-03-15 18:20:24pm


-----------------------------------

 ACCU400- User was Inactive 


2018-03-15 18:33:20pm


-----------------------------------

 ACCU400- User was Inactive 


2018-03-15 18:40:06pm


-----------------------------------

 ACCU400- User was Inactive 


2018-03-16 10:46:25am


-----------------------------------

 ACCU400- User was Inactive 


2018-03-16 12:19:56pm


-----------------------------------

 ACCU400- User was Inactive 


2018-03-16 12:20:17pm


    -------------Response Master/visa------------------  

respcode=14 
authNbr=


2018-03-16 13:03:37pm


-----------------------------------

 ACCU400- User was Inactive 


2018-03-16 13:04:45pm


-----------------------------------

 ACCU400- User was Inactive 


2018-03-16 13:06:24pm


-----------------------------------

 ACCU400- User was Inactive 


2018-03-16 13:10:24pm


-----------------------------------

 ACCU400- User was Inactive 


2018-03-16 15:57:04pm


-----------------------------------

 ACCU400- User was Inactive 


2018-03-16 16:03:35pm


-----------------------------------

 ACCU400- User was Inactive 


2018-03-16 16:06:57pm


-----------------------------------

 ACCU400- User was Inactive 


2018-03-16 16:08:58pm


            -----------------------------------{ "Source" : "2","walletId" : "0","transType" : "00","merchantId" : "","terminalId" : "","merchLocation" : "                                        ","MCC" : "","transAmount" : "000000000000","transCurrCode" : "356","transCountryCode" : "356","RRN" : "","dateAndTime" : "","refNbr" : "","localDate" : "","localTime" : "","cardNo" : "XXXXXXXX","cvv2" : "XXX","expDate" : "","CAVV" : "000","ECIindicator" : "05","AuthenticationIndicatorflag" : "N","transactionId" : "00000000000","AAV" : "","AID" : "00201000005" }
2018-03-16 16:08:58pm


            -----------------------------------{"refNbr":"","respCode":"05","RRN":""}
2018-03-16 16:27:50pm


-----------------------------------

 ACCU400- User was Inactive 


2018-03-16 16:30:28pm


-----------------------------------

 ACCU400- User was Inactive 


2018-03-16 16:34:07pm


-----------------------------------

 ACCU400- User was Inactive 


2018-03-16 17:11:00pm


-----------------------------------

 ACCU400- User was Inactive 


2018-03-16 17:12:31pm


-----------------------------------

 ACCU400- User was Inactive 


2018-03-16 17:17:23pm


            -----------------------------------{ "Source" : "2","walletId" : "0","transType" : "00","merchantId" : "","terminalId" : "","merchLocation" : "                                        ","MCC" : "","transAmount" : "000000000000","transCurrCode" : "356","transCountryCode" : "356","RRN" : "","dateAndTime" : "","refNbr" : "","localDate" : "","localTime" : "","cardNo" : "XXXXXXXX","cvv2" : "XXX","expDate" : "","CAVV" : "000","ECIindicator" : "05","AuthenticationIndicatorflag" : "N","transactionId" : "00000000000","AAV" : "","AID" : "00201000005" }
2018-03-16 17:17:24pm


            -----------------------------------{"refNbr":"","respCode":"05","RRN":""}
2018-03-17 12:18:26pm


-----------------------------------

 ACCU400- User was Inactive 


2018-03-17 12:24:33pm


-----------------------------------

 ACCU400- User was Inactive 


