Bill Desk Response Data:2019-02-18 15:13:25


Bill Desk Response Data:2019-02-18 15:19:57


Bill Desk Response Data:2019-02-18 15:19:57
{"msg":"EZ5TST|E0101000000003820190218151812|PCIT7229696740|737754-002982|1.00|CIT|416646|03|INR|DIRECT|NA|EZSWYPE-NA-0.00|00.00|18-02-2019 15:16:39|0300|NA|AA12345|John@example.com|9999955555|NA|NA|NA|NA|NA|Success|4EFAEC2AA5EEC0392D35F57732B78F83659A9DBBDD9A6B19190F2551943A844A","hidRequestId":"PGIBL1000","hidOperation":"B101"} 


Bill Desk Response Data:2019-02-18 15:36:55


Bill Desk Response Data:2019-02-18 15:36:55
{"msg":"EZ5TST|E0101000000003820190218153522|PCIT7229758108|737759-005737|1.00|CIT|416646|03|INR|DIRECT|NA|EZSWYPE-NA-0.00|00.00|18-02-2019 15:33:46|0300|NA|AA12345|John@example.com|9999955555|NA|NA|NA|NA|NA|Success|F2F3BFCB47129EDAB165F3346E802F411F631A84C567F506AB8A80DA145EE8F2","hidRequestId":"PGIBL1000","hidOperation":"B101"} 


Bill Desk Response Data:2019-02-18 16:41:57
{"msg":"EZ5TST|E0101000000003820190218164018|PCIT7229989128|737768-006064|1.00|CIT|416646|03|INR|DIRECT|NA|EZSWYPE-NA-0.00|00.00|18-02-2019 16:38:44|0300|NA|AA12345|John@example.com|9999955555|NA|NA|NA|NA|NA|Success|20321DD162C139B0D0D6F00322A9FECB11DA1041B5ABBB1E8F95A6CDDFD3C4F8","hidRequestId":"PGIBL1000","hidOperation":"B101"} 


Bill Desk Response Data:2019-02-18 16:48:26
{"msg":"EZ5TST|E0101000000003820190218164707|PCIT7230013852|737772-007111|1.00|CIT|416646|03|INR|DIRECT|NA|EZSWYPE-NA-0.00|00.00|18-02-2019 16:45:32|0300|NA|AA12345|John@example.com|9999955555|NA|NA|NA|NA|NA|Success|B82912640C6D0A825E46294DEC22F8B2640FEEBDFB9890400BE11073D9E2406F","hidRequestId":"PGIBL1000","hidOperation":"B101"} 


Bill Desk Last check sum value:2019-02-18 16:48:26
 


Bill Desk String Replace with empy space:2019-02-18 16:48:26
 


Bill Desk calculated Checksum:2019-02-18 16:48:26
5AAAC0A3CC391603015F92526CFBEAF41824A9DF19ADCD119331A0B07CAD1256 


Bill Desk Transaction Status:2019-02-18 16:48:26
Failed 


Bill Desk Response Data:2019-02-18 16:52:33


Bill Desk Response Data:2019-02-18 16:52:33
{"msg":"EZ5TST|NA|NA|NA|1.00|NA|NA|NA|NA|NA|R|EZSWYPE-NA|NA|NA|0002|NA|NA|NA|NA|NA|NA|NA|NA|ERR122|Sorry.  We were unable to process your transaction.  We apologise for the inconvenience and request you to try again later.|F2345867124941D474B78D8ADB1569E96B0204855E956BEF64F4833B58E51112","hidRequestId":"PGIBL1000","hidOperation":"B101"} 


Bill Desk Last check sum value:2019-02-18 16:52:33
F2345867124941D474B78D8ADB1569E96B0204855E956BEF64F4833B58E51112 


Bill Desk String Replace with empy space:2019-02-18 16:52:33
EZ5TST|NA|NA|NA|1.00|NA|NA|NA|NA|NA|R|EZSWYPE-NA|NA|NA|0002|NA|NA|NA|NA|NA|NA|NA|NA|ERR122|Sorry.  We were unable to process your transaction.  We apologise for the inconvenience and request you to try again later. 


Bill Desk calculated Checksum:2019-02-18 16:52:33
F2345867124941D474B78D8ADB1569E96B0204855E956BEF64F4833B58E51112 


Bill Desk Transaction Status:2019-02-18 16:52:33
Failed 


Bill Desk Response Data:2019-02-18 16:55:18


Bill Desk Response Data:2019-02-18 16:55:18
{"msg":"EZ5TST|E0101000000003820190218165357|PCIT7230039049|737773-008280|1.00|CIT|416646|03|INR|DIRECT|NA|EZSWYPE-NA-0.00|00.00|18-02-2019 16:52:21|0300|NA|AA12345|John@example.com|9999955555|NA|NA|NA|NA|NA|Success|D9E535F05D43495F06F606A2B452541A35EAE7364D2F47CBB3E433DECD585452","hidRequestId":"PGIBL1000","hidOperation":"B101"} 


Bill Desk Last check sum value:2019-02-18 16:55:18
D9E535F05D43495F06F606A2B452541A35EAE7364D2F47CBB3E433DECD585452 


Bill Desk String Replace with empy space:2019-02-18 16:55:18
EZ5TST|E0101000000003820190218165357|PCIT7230039049|737773-008280|1.00|CIT|416646|03|INR|DIRECT|NA|EZSWYPE-NA-0.00|00.00|18-02-2019 16:52:21|0300|NA|AA12345|John@example.com|9999955555|NA|NA|NA|NA|NA|Success 


Bill Desk calculated Checksum:2019-02-18 16:55:18
D9E535F05D43495F06F606A2B452541A35EAE7364D2F47CBB3E433DECD585452 


Bill Desk Transaction Status:2019-02-18 16:55:18
Success 


Bill Desk Response Data:2019-02-18 18:14:06


Bill Desk Response Data:2019-02-18 18:14:06
{"msg":"EZ5TST|E0101000000003820190218181318|PCIT7230328114|737788-001750|1.00|CIT|416646|03|INR|DIRECT|NA|EZSWYPE-NA-0.00|00000000.00|18-02-2019 18:11:44|0300|NA|AA12345|John@example.com|9999955555|NA|NA|NA|NA|NA|Success|FC96B256E3BAFED478E21022392B5F016C8EBF7B7CCBBBB5B6A714258B339C3D","hidRequestId":"PGIBL1000","hidOperation":"B101"} 


Bill Desk Last check sum value:2019-02-18 18:14:06
FC96B256E3BAFED478E21022392B5F016C8EBF7B7CCBBBB5B6A714258B339C3D 


Bill Desk String Replace with empy space:2019-02-18 18:14:06
EZ5TST|E0101000000003820190218181318|PCIT7230328114|737788-001750|1.00|CIT|416646|03|INR|DIRECT|NA|EZSWYPE-NA-0.00|00000000.00|18-02-2019 18:11:44|0300|NA|AA12345|John@example.com|9999955555|NA|NA|NA|NA|NA|Success 


Bill Desk calculated Checksum:2019-02-18 18:14:06
FC96B256E3BAFED478E21022392B5F016C8EBF7B7CCBBBB5B6A714258B339C3D 


Bill Desk Transaction Status:2019-02-18 18:14:06
Success 


Bill Desk Response Data:2019-02-18 19:13:52


Bill Desk Response Data:2019-02-18 19:13:52
{"msg":"EZ5TST|E0101000000003820190218191316|NA|NA|null|CIT|NA|NA|INR|DIRECT|NA|EZSWYPE-NA|NA|null|NA|NA|AA12345|John@example.com|9999955555|NA|NA|NA|NA|ERR124|Sorry.  We were unable to process your transaction.  We apologise for the inconvenience and request you to try again later.|7148815452DE7C8E88ACEC6D34A5771B3DF55A54A3CF448784E405E4B13800AE","hidRequestId":"PGIBL1000","hidOperation":"B101"} 


Bill Desk Last check sum value:2019-02-18 19:13:52
7148815452DE7C8E88ACEC6D34A5771B3DF55A54A3CF448784E405E4B13800AE 


Bill Desk String Replace with empy space:2019-02-18 19:13:52
EZ5TST|E0101000000003820190218191316|NA|NA|null|CIT|NA|NA|INR|DIRECT|NA|EZSWYPE-NA|NA|null|NA|NA|AA12345|John@example.com|9999955555|NA|NA|NA|NA|ERR124|Sorry.  We were unable to process your transaction.  We apologise for the inconvenience and request you to try again later. 


Bill Desk calculated Checksum:2019-02-18 19:13:52
7148815452DE7C8E88ACEC6D34A5771B3DF55A54A3CF448784E405E4B13800AE 


Bill Desk Transaction Status:2019-02-18 19:13:52
Failed 


Bill Desk Response Data:2019-02-18 19:21:47


Bill Desk Response Data:2019-02-18 19:21:47
[] 


Bill Desk Response Data:2019-02-19 15:27:58


Bill Desk Response Data:2019-02-19 15:27:58
{"msg":"EZ5TST|E0101000000003820190219152633|PIOB7233308491|20190219558429|00000001.00|IOB|NA|01|INR|DIRECT|NA|EZSWYPE-NA-0.00|0.00|19-02-2019 15:24:59|0300|NA|AA12345|John@example.com|9999955555|NA|NA|NA|NA|NA|Y|554701F914E7F2D4F9E7C51F258CF288AD953D711DFEABF094D3B6EFAB67BDE0","hidRequestId":"PGIBL1000","hidOperation":"B101"} 


Bill Desk Last check sum value:2019-02-19 15:27:58
554701F914E7F2D4F9E7C51F258CF288AD953D711DFEABF094D3B6EFAB67BDE0 


Bill Desk String Replace with empy space:2019-02-19 15:27:58
EZ5TST|E0101000000003820190219152633|PIOB7233308491|20190219558429|00000001.00|IOB|NA|01|INR|DIRECT|NA|EZSWYPE-NA-0.00|0.00|19-02-2019 15:24:59|0300|NA|AA12345|John@example.com|9999955555|NA|NA|NA|NA|NA|Y 


Bill Desk calculated Checksum:2019-02-19 15:27:58
554701F914E7F2D4F9E7C51F258CF288AD953D711DFEABF094D3B6EFAB67BDE0 


Bill Desk Transaction Status:2019-02-19 15:27:58
Success 


Bill Desk Response Data:2019-02-19 18:59:59


Bill Desk Response Data:2019-02-19 18:59:59
{"msg":"EZ5TST|E0101000000003820190219185955|NA|NA|null|CIT|NA|NA|INR|DIRECT|NA|EZSWYPE-NA|NA|null|NA|NA|AA12345|John@example.com|9999955555|NA|NA|NA|NA|ERR124|Sorry.  We were unable to process your transaction.  We apologise for the inconvenience and request you to try again later.|95BB3F7362785824DF3B0A13BB5C976943FC1D48926DF9E37010ED45ADBC5919","hidRequestId":"PGIBL1000","hidOperation":"B101"} 


Bill Desk Last check sum value:2019-02-19 18:59:59
95BB3F7362785824DF3B0A13BB5C976943FC1D48926DF9E37010ED45ADBC5919 


Bill Desk String Replace with empy space:2019-02-19 18:59:59
EZ5TST|E0101000000003820190219185955|NA|NA|null|CIT|NA|NA|INR|DIRECT|NA|EZSWYPE-NA|NA|null|NA|NA|AA12345|John@example.com|9999955555|NA|NA|NA|NA|ERR124|Sorry.  We were unable to process your transaction.  We apologise for the inconvenience and request you to try again later. 


Bill Desk calculated Checksum:2019-02-19 18:59:59
95BB3F7362785824DF3B0A13BB5C976943FC1D48926DF9E37010ED45ADBC5919 


Bill Desk Transaction Status:2019-02-19 18:59:59
Failed 


Bill Desk Response Data:2019-02-19 19:04:02


Bill Desk Response Data:2019-02-19 19:04:02
{"msg":"EZ5TST|E0101000000003820190219190316|PCIT7234077711|737976-009812|1.00|CIT|416646|03|INR|DIRECT|NA|EZSWYPE-NA-0.00|00000000.00|19-02-2019 19:01:38|0300|NA|AA12345|John@example.com|9999955555|NA|NA|NA|NA|NA|Success|C7BFB461947F4A220336BB1ED2A29ED3134DFE697404B7E34104B3F7916BE673","hidRequestId":"PGIBL1000","hidOperation":"B101"} 


Bill Desk Last check sum value:2019-02-19 19:04:02
C7BFB461947F4A220336BB1ED2A29ED3134DFE697404B7E34104B3F7916BE673 


Bill Desk String Replace with empy space:2019-02-19 19:04:02
EZ5TST|E0101000000003820190219190316|PCIT7234077711|737976-009812|1.00|CIT|416646|03|INR|DIRECT|NA|EZSWYPE-NA-0.00|00000000.00|19-02-2019 19:01:38|0300|NA|AA12345|John@example.com|9999955555|NA|NA|NA|NA|NA|Success 


Bill Desk calculated Checksum:2019-02-19 19:04:02
C7BFB461947F4A220336BB1ED2A29ED3134DFE697404B7E34104B3F7916BE673 


Bill Desk Transaction Status:2019-02-19 19:04:02
Success 


Bill Desk Response Data:2019-02-25 15:49:06


Bill Desk Response Data:2019-02-25 15:49:06
{"msg":"EZ5TST|E0101000000003820190225154858|PCIT7258839599|738836-zzzzzz|1.00|CIT|607481|03|INR|DIRECT|NA|EZSWYPE-NA-0.00|00000000.00|25-02-2019 15:47:17|0399|NA|AA12345|John@example.com|9999955555|NA|NA|NA|NA|NA|Payment not authorized|C819E7A8E33D87DD20F111BAF0BD047687E6798256B6A86DCE5F010C056D49C4","hidRequestId":"PGIBL1000","hidOperation":"B101"} 


Bill Desk Last check sum value:2019-02-25 15:49:06
C819E7A8E33D87DD20F111BAF0BD047687E6798256B6A86DCE5F010C056D49C4 


Bill Desk String Replace with empy space:2019-02-25 15:49:06
EZ5TST|E0101000000003820190225154858|PCIT7258839599|738836-zzzzzz|1.00|CIT|607481|03|INR|DIRECT|NA|EZSWYPE-NA-0.00|00000000.00|25-02-2019 15:47:17|0399|NA|AA12345|John@example.com|9999955555|NA|NA|NA|NA|NA|Payment not authorized 


Bill Desk calculated Checksum:2019-02-25 15:49:06
C819E7A8E33D87DD20F111BAF0BD047687E6798256B6A86DCE5F010C056D49C4 


Bill Desk Transaction Status:2019-02-25 15:49:06
Failed 


Bill Desk Response Data:2019-02-25 17:19:03


Bill Desk Response Data:2019-02-25 17:19:03
{"msg":"EZ5TST|E0101000000003820190225171824|PCIT7259154733|738861- |1.00|CIT|401806|03|INR|DIRECT|NA|EZSWYPE-NA-0.00|00000000.00|25-02-2019 17:16:43|0399|NA|AA12345|John@example.com|9999955555|NA|NA|NA|NA|NA|Network Delay|B0D198D9B151D3B987F7F1D675C7305B7277E245CD5916235F408D8237A05258","hidRequestId":"PGIBL1000","hidOperation":"B101"} 


Bill Desk Last check sum value:2019-02-25 17:19:03
B0D198D9B151D3B987F7F1D675C7305B7277E245CD5916235F408D8237A05258 


Bill Desk String Replace with empy space:2019-02-25 17:19:03
EZ5TST|E0101000000003820190225171824|PCIT7259154733|738861- |1.00|CIT|401806|03|INR|DIRECT|NA|EZSWYPE-NA-0.00|00000000.00|25-02-2019 17:16:43|0399|NA|AA12345|John@example.com|9999955555|NA|NA|NA|NA|NA|Network Delay 


Bill Desk calculated Checksum:2019-02-25 17:19:03
B0D198D9B151D3B987F7F1D675C7305B7277E245CD5916235F408D8237A05258 


Bill Desk Transaction Status:2019-02-25 17:19:03
Failed 


Bill Desk Response Data:2019-02-26 11:44:31


Bill Desk Response Data:2019-02-26 11:44:31
{"msg":"EZ5TST|E0101000000003820190226114423|PCIT7261427579|738983-zzzzzz|1.00|CIT|607481|03|INR|DIRECT|NA|EZSWYPE-NA-0.00|00000000.00|26-02-2019 11:42:43|0399|NA|AA12345|John@example.com|9999955555|NA|NA|NA|NA|NA|Payment not authorized|BA1B406A2B49FC99A4DE4EA5DEB795B54AD9059E2FD50BA1FA23362534C89576","hidRequestId":"PGIBL1000","hidOperation":"B101"} 


Bill Desk Last check sum value:2019-02-26 11:44:31
BA1B406A2B49FC99A4DE4EA5DEB795B54AD9059E2FD50BA1FA23362534C89576 


Bill Desk String Replace with empy space:2019-02-26 11:44:31
EZ5TST|E0101000000003820190226114423|PCIT7261427579|738983-zzzzzz|1.00|CIT|607481|03|INR|DIRECT|NA|EZSWYPE-NA-0.00|00000000.00|26-02-2019 11:42:43|0399|NA|AA12345|John@example.com|9999955555|NA|NA|NA|NA|NA|Payment not authorized 


Bill Desk calculated Checksum:2019-02-26 11:44:31
BA1B406A2B49FC99A4DE4EA5DEB795B54AD9059E2FD50BA1FA23362534C89576 


Bill Desk Transaction Status:2019-02-26 11:44:31
Failed 


Bill Desk Response Data:2019-02-26 12:25:18


Bill Desk Response Data:2019-02-26 12:25:18
{"msg":"EZ5TST|E0101000000003820190226122411|PCIT7261604702|738994- |1.00|CIT|401806|03|INR|DIRECT|NA|EZSWYPE-NA-0.00|00000000.00|26-02-2019 12:22:31|0399|NA|AA12345|John@example.com|9999955555|NA|NA|NA|NA|NA|Network Delay|6E7B892B4D7E8EDD70D791DF1DC475DB6501B77C7E978ADCD7556602EBCEAB8D","hidRequestId":"PGIBL1000","hidOperation":"B101"} 


Bill Desk Last check sum value:2019-02-26 12:25:18
6E7B892B4D7E8EDD70D791DF1DC475DB6501B77C7E978ADCD7556602EBCEAB8D 


Bill Desk String Replace with empy space:2019-02-26 12:25:18
EZ5TST|E0101000000003820190226122411|PCIT7261604702|738994- |1.00|CIT|401806|03|INR|DIRECT|NA|EZSWYPE-NA-0.00|00000000.00|26-02-2019 12:22:31|0399|NA|AA12345|John@example.com|9999955555|NA|NA|NA|NA|NA|Network Delay 


Bill Desk calculated Checksum:2019-02-26 12:25:18
6E7B892B4D7E8EDD70D791DF1DC475DB6501B77C7E978ADCD7556602EBCEAB8D 


Bill Desk Transaction Status:2019-02-26 12:25:18
Failed 


Bill Desk Response Data:2019-02-26 20:05:50


Bill Desk Response Data:2019-02-26 20:05:50
{"msg":"EZ5TST|E0101000000003820190226200543|PCIT7263294058|739107-zzzzzz|1.00|CIT|607481|03|INR|DIRECT|NA|EZSWYPE-NA-0.00|00000000.00|26-02-2019 20:04:00|0399|NA|AA12345|John@example.com|9999955555|NA|NA|NA|NA|NA|Payment not authorized|8DEC0C5A68993552CF27F91D6B7F318F1B742B4A6D2A1D8841CD03377DDAA8ED","hidRequestId":"PGIBL1000","hidOperation":"B101"} 


Bill Desk Last check sum value:2019-02-26 20:05:50
8DEC0C5A68993552CF27F91D6B7F318F1B742B4A6D2A1D8841CD03377DDAA8ED 


Bill Desk String Replace with empy space:2019-02-26 20:05:50
EZ5TST|E0101000000003820190226200543|PCIT7263294058|739107-zzzzzz|1.00|CIT|607481|03|INR|DIRECT|NA|EZSWYPE-NA-0.00|00000000.00|26-02-2019 20:04:00|0399|NA|AA12345|John@example.com|9999955555|NA|NA|NA|NA|NA|Payment not authorized 


Bill Desk calculated Checksum:2019-02-26 20:05:50
8DEC0C5A68993552CF27F91D6B7F318F1B742B4A6D2A1D8841CD03377DDAA8ED 


Bill Desk Transaction Status:2019-02-26 20:05:50
Failed 


Bill Desk Response Data:2019-02-26 20:09:51


Bill Desk Response Data:2019-02-26 20:09:51
{"msg":"EZ5TST|E0101000000003820190226200944|PCIT7263309535|739109-zzzzzz|1.00|CIT|607481|03|INR|DIRECT|NA|EZSWYPE-NA-0.00|00000000.00|26-02-2019 20:08:02|0399|NA|AA12345|John@example.com|9999955555|NA|NA|NA|NA|NA|Payment not authorized|C5B553FC50C956A9DA13ED13240C5C3F01B5A4F37CE4CF8C66AB65101AB441CF","hidRequestId":"PGIBL1000","hidOperation":"B101"} 


Bill Desk Last check sum value:2019-02-26 20:09:51
C5B553FC50C956A9DA13ED13240C5C3F01B5A4F37CE4CF8C66AB65101AB441CF 


Bill Desk String Replace with empy space:2019-02-26 20:09:51
EZ5TST|E0101000000003820190226200944|PCIT7263309535|739109-zzzzzz|1.00|CIT|607481|03|INR|DIRECT|NA|EZSWYPE-NA-0.00|00000000.00|26-02-2019 20:08:02|0399|NA|AA12345|John@example.com|9999955555|NA|NA|NA|NA|NA|Payment not authorized 


Bill Desk calculated Checksum:2019-02-26 20:09:51
C5B553FC50C956A9DA13ED13240C5C3F01B5A4F37CE4CF8C66AB65101AB441CF 


Bill Desk Transaction Status:2019-02-26 20:09:51
Failed 


